<?xml version="1.0" encoding="UTF-8"?>
<testsuites>
  <testsuite name="fastlane.lanes">
    
    
    
      
      <testcase classname="fastlane.lanes" name="0: Verifying fastlane version" time="0.010254">
        
      </testcase>
    
      
      <testcase classname="fastlane.lanes" name="1: ensure_git_branch" time="0.016784">
        
      </testcase>
    
      
      <testcase classname="fastlane.lanes" name="2: ensure_git_status_clean" time="0.022645">
        
      </testcase>
    
      
      <testcase classname="fastlane.lanes" name="3: version_bump_podspec" time="0.001731">
        
      </testcase>
    
      
      <testcase classname="fastlane.lanes" name="4: git_commit" time="0.027517">
        
      </testcase>
    
      
      <testcase classname="fastlane.lanes" name="5: add_git_tag" time="0.028967">
        
      </testcase>
    
      
      <testcase classname="fastlane.lanes" name="6: push_to_git_remote" time="3.688213">
        
      </testcase>
    
      
      <testcase classname="fastlane.lanes" name="7: pod_push" time="16.749567">
        
          <failure message="/Library/Ruby/Gems/2.6.0/gems/fastlane-2.137.0/fastlane/lib/fastlane/actions/actions_helper.rb:48:in `execute_action'&#10;/Library/Ruby/Gems/2.6.0/gems/fastlane-2.137.0/fastlane/lib/fastlane/runner.rb:235:in `block in execute_action'&#10;/Library/Ruby/Gems/2.6.0/gems/fastlane-2.137.0/fastlane/lib/fastlane/runner.rb:227:in `chdir'&#10;/Library/Ruby/Gems/2.6.0/gems/fastlane-2.137.0/fastlane/lib/fastlane/runner.rb:227:in `execute_action'&#10;/Library/Ruby/Gems/2.6.0/gems/fastlane-2.137.0/fastlane/lib/fastlane/runner.rb:157:in `trigger_action_by_name'&#10;/Library/Ruby/Gems/2.6.0/gems/fastlane-2.137.0/fastlane/lib/fastlane/fast_file.rb:159:in `method_missing'&#10;Fastfile:21:in `block in parsing_binding'&#10;/Library/Ruby/Gems/2.6.0/gems/fastlane-2.137.0/fastlane/lib/fastlane/lane.rb:33:in `call'&#10;/Library/Ruby/Gems/2.6.0/gems/fastlane-2.137.0/fastlane/lib/fastlane/runner.rb:49:in `block in execute'&#10;/Library/Ruby/Gems/2.6.0/gems/fastlane-2.137.0/fastlane/lib/fastlane/runner.rb:45:in `chdir'&#10;/Library/Ruby/Gems/2.6.0/gems/fastlane-2.137.0/fastlane/lib/fastlane/runner.rb:45:in `execute'&#10;/Library/Ruby/Gems/2.6.0/gems/fastlane-2.137.0/fastlane/lib/fastlane/lane_manager.rb:56:in `cruise_lane'&#10;/Library/Ruby/Gems/2.6.0/gems/fastlane-2.137.0/fastlane/lib/fastlane/command_line_handler.rb:36:in `handle'&#10;/Library/Ruby/Gems/2.6.0/gems/fastlane-2.137.0/fastlane/lib/fastlane/commands_generator.rb:108:in `block (2 levels) in run'&#10;/Library/Ruby/Gems/2.6.0/gems/commander-fastlane-4.4.6/lib/commander/command.rb:178:in `call'&#10;/Library/Ruby/Gems/2.6.0/gems/commander-fastlane-4.4.6/lib/commander/command.rb:153:in `run'&#10;/Library/Ruby/Gems/2.6.0/gems/commander-fastlane-4.4.6/lib/commander/runner.rb:476:in `run_active_command'&#10;/Library/Ruby/Gems/2.6.0/gems/fastlane-2.137.0/fastlane_core/lib/fastlane_core/ui/fastlane_runner.rb:76:in `run!'&#10;/Library/Ruby/Gems/2.6.0/gems/commander-fastlane-4.4.6/lib/commander/delegates.rb:15:in `run!'&#10;/Library/Ruby/Gems/2.6.0/gems/fastlane-2.137.0/fastlane/lib/fastlane/commands_generator.rb:349:in `run'&#10;/Library/Ruby/Gems/2.6.0/gems/fastlane-2.137.0/fastlane/lib/fastlane/commands_generator.rb:41:in `start'&#10;/Library/Ruby/Gems/2.6.0/gems/fastlane-2.137.0/fastlane/lib/fastlane/cli_tools_distributor.rb:119:in `take_off'&#10;/Library/Ruby/Gems/2.6.0/gems/fastlane-2.137.0/bin/fastlane:23:in `&lt;top (required)&gt;'&#10;/usr/local/bin/fastlane:23:in `load'&#10;/usr/local/bin/fastlane:23:in `&lt;main&gt;'&#10;&#10;Exit status of command 'pod trunk push --allow-warnings' was 1 instead of 0.&#10;[32m&#10;[!] Found podspec `Gallery.podspec`[0m&#10;Updating spec repo `trunk`&#10;&#10;CocoaPods 1.9.0.beta.2 is available.&#10;To update use: `sudo gem install cocoapods --pre`&#10;[!] This is a test version we'd love you to try.&#10;&#10;For more information, see https://blog.cocoapods.org and the CHANGELOG for this version at https://github.com/CocoaPods/CocoaPods/releases/tag/1.9.0.beta.2&#10;&#10;Validating podspec&#10; -&gt; Gallery -&gt; Gallery (2.1.0)&#10;    - ERROR | [iOS] xcodebuild: Returned an unsuccessful exit code. You can use `--verbose` for more information.&#10;    - NOTE  | xcodebuild:  note: Using new build system&#10;    - NOTE  | [iOS] xcodebuild:  note: Planning build&#10;    - NOTE  | [iOS] xcodebuild:  note: Constructing build description&#10;    - ERROR | [iOS] xcodebuild:  Gallery/Sources/Utils/VideoEditor/AdvancedVideoEditor.swift:56:46: error: 'zero' has been renamed to 'kCMTimeZero'&#10;    - NOTE  | xcodebuild:  CoreMedia.CMTime:16:23: note: 'zero' was introduced in Swift 4.2&#10;    - WARN  | [iOS] xcodebuild:  Gallery/Sources/Camera/CameraMan.swift:21:25: warning: 'AVCaptureStillImageOutput' was deprecated in iOS 10.0: Use AVCapturePhotoOutput instead.&#10;    - WARN  | [iOS] xcodebuild:  Gallery/Sources/Camera/CameraMan.swift:40:8: warning: 'devices()' was deprecated in iOS 10.0: Use AVCaptureDeviceDiscoverySession instead.&#10;    - WARN  | [iOS] xcodebuild:  Gallery/Sources/Camera/CameraMan.swift:55:24: warning: 'AVCaptureStillImageOutput' was deprecated in iOS 10.0: Use AVCapturePhotoOutput instead.&#10;    - WARN  | [iOS] xcodebuild:  Gallery/Sources/Camera/CameraMan.swift:56:58: warning: 'AVVideoCodecJPEG' was deprecated in iOS 11.0: renamed to 'AVVideoCodecType.jpeg'&#10;    - NOTE  | [iOS] xcodebuild:  Gallery/Sources/Camera/CameraMan.swift:56:58: note: use 'AVVideoCodecType.jpeg' instead&#10;    - WARN  | [iOS] xcodebuild:  Gallery/Sources/Camera/CameraMan.swift:139:27: warning: 'AVCaptureStillImageOutput' was deprecated in iOS 10.0: Use AVCapturePhotoOutput instead.&#10;    - WARN  | [iOS] xcodebuild:  Gallery/Sources/Camera/CameraMan.swift:182:54: warning: 'isFlashModeSupported' was deprecated in iOS 10.0: Use AVCapturePhotoOutput's -supportedFlashModes instead.&#10;    - WARN  | [iOS] xcodebuild:  Gallery/Sources/Camera/CameraMan.swift:186:16: warning: 'flashMode' was deprecated in iOS 10.0: Use AVCapturePhotoSettings.flashMode instead.&#10;    - ERROR | [iOS] xcodebuild:  Gallery/Sources/Utils/VideoEditor/EditInfo.swift:14:87: error: 'zero' has been renamed to 'kCMTimeZero'&#10;    - ERROR | [iOS] xcodebuild:  Gallery/Sources/Utils/VideoEditor/EditInfo.swift:84:38: error: 'zero' has been renamed to 'kCMTimeZero'&#10;    - WARN  | [iOS] xcodebuild:  Gallery/Sources/Utils/VideoEditor/EditInfo.swift:115:24: warning: 'AVVideoCodecH264' was deprecated in iOS 11.0: renamed to 'AVVideoCodecType.h264'&#10;    - NOTE  | [iOS] xcodebuild:  Gallery/Sources/Utils/VideoEditor/EditInfo.swift:115:24: note: use 'AVVideoCodecType.h264' instead&#10;    - ERROR | [iOS] xcodebuild:  Gallery/Sources/Utils/View/GridView.swift:158:16: error: 'init(style:)' has been renamed to 'init(activityIndicatorStyle:)'&#10;    - NOTE  | [iOS] xcodebuild:  UIKit.UIActivityIndicatorView:6:12: note: 'init(style:)' was introduced in Swift 4.2&#10;    - ERROR | [iOS] xcodebuild:  Gallery/Sources/Images/ImagesController.swift:43:5: error: 'addChild' has been renamed to 'addChildViewController(_:)'&#10;    - NOTE  | xcodebuild:  UIKit.UIViewController:11:15: note: 'addChild' was introduced in Swift 4.2&#10;    - ERROR | [iOS] xcodebuild:  Gallery/Sources/Images/ImagesController.swift:45:24: error: 'didMove(toParent:)' has been renamed to 'didMove(toParentViewController:)'&#10;    - NOTE  | xcodebuild:  UIKit.UIViewController:23:15: note: 'didMove(toParent:)' was introduced in Swift 4.2&#10;    - ERROR | [iOS] xcodebuild:  Gallery/Sources/Utils/Pages/PagesController.swift:122:7: error: 'addChild' has been renamed to 'addChildViewController(_:)'&#10;    - ERROR | [iOS] xcodebuild:  Gallery/Sources/Utils/Pages/PagesController.swift:124:18: error: 'didMove(toParent:)' has been renamed to 'didMove(toParentViewController:)'&#10;    - ERROR | [iOS] xcodebuild:  Gallery/Sources/Utils/Permission/PermissionController.swift:77:54: error: 'openSettingsURLString' has been renamed to 'UIApplicationOpenSettingsURLString'&#10;    - NOTE  | [iOS] xcodebuild:  UIKit.UIApplication:70:22: note: 'openSettingsURLString' was introduced in Swift 4.2&#10;    - WARN  | [iOS] xcodebuild:  Gallery/Sources/Utils/Permission/PermissionController.swift:78:30: warning: 'openURL' was deprecated in iOS 10.0&#10;    - ERROR | [iOS] xcodebuild:  Gallery/Sources/Utils/Extensions/UIViewController+Extensions.swift:6:5: error: 'addChild' has been renamed to 'addChildViewController(_:)'&#10;    - ERROR | [iOS] xcodebuild:  Gallery/Sources/Utils/Extensions/UIViewController+Extensions.swift:8:16: error: 'didMove(toParent:)' has been renamed to 'didMove(toParentViewController:)'&#10;    - ERROR | [iOS] xcodebuild:  Gallery/Sources/Utils/Extensions/UIViewController+Extensions.swift:14:5: error: 'willMove(toParent:)' has been renamed to 'willMove(toParentViewController:)'&#10;    - NOTE  | [iOS] xcodebuild:  UIKit.UIViewController:15:15: note: 'willMove(toParent:)' was introduced in Swift 4.2&#10;    - ERROR | [iOS] xcodebuild:  Gallery/Sources/Utils/Extensions/UIViewController+Extensions.swift:16:5: error: 'removeFromParent()' has been renamed to 'removeFromParentViewController()'&#10;    - NOTE  | [iOS] xcodebuild:  UIKit.UIViewController:16:15: note: 'removeFromParent()' was introduced in Swift 4.2&#10;    - NOTE  | [iOS] xcodebuild:  warning: Skipping code signing because the target does not have an Info.plist file and one is not being generated automatically. (in target 'App' from project 'App')&#10;&#10;[!] The spec did not pass validation, due to 14 errors.&#10;&#10;[!] Usage of the `.swift_version` file has been deprecated! Please delete the file and use the `swift_versions` attribute within your podspec instead.&#10;" />
        
      </testcase>
    
  </testsuite>
</testsuites>
